in case when the program exits with an error, please run the following command
kill -9 2633 2634 
  -- {40523} cmd: /gpfs/home/juz138/work/software/pin-2.11/intel64/bin/pinbin -t /gpfs/home/juz138/work/software/pin-2.11/source/tools/Pthread/mypthreadtool -port 40523 -skip_first 0 -- ./hashtable --get 50 --count 10000 
  -- {49002} cmd: /gpfs/home/juz138/work/software/pin-2.11/intel64/bin/pinbin -t /gpfs/home/juz138/work/software/pin-2.11/source/tools/Pthread/mypthreadtool -port 49002 -skip_first 0 -- ./STREAM 
  -- [           0]: {40523} thread 0 is created
  -- [           0]: {49002} thread 0 is created
NYI: __pthread_initialize_minimal at: 0x456cf0
NYI: __pthread_initialize_minimal at: 0x456c70
NYI: __register_atfork at: 0x48ab70
NYI: __register_atfork at: 0x48a100
Item found: <399, 340860339>, remove it
Item found: <799, 515592646>, remove it
  -- [      687890]:     100050 instrs so far, IPC=   1.454, L1 (acc, miss)=(   46098,   2622), L2 (acc, miss)=(   2695,   1786),   1785 mem accs, (  168,  168) touched pages (this time, 1stly),  avg_dd= 13.710, 
Item found: <1199, 1960853957>, remove it
Item found: <1599, 797930221>, remove it
Item found: <1999, 2064697440>, remove it
Item found: <2399, 69114983>, remove it
Item found: <2799, 1698124437>, remove it
Item found: <3199, 1620515386>, remove it
Item found: <3599, 1253156310>, remove it
Item found: <3999, 221754115>, remove it
Item found: <4399, 571495223>, remove it
Item found: <4799, 1641172841>, remove it
Item found: <5199, 1948125428>, remove it
Item found: <5599, 1473990802>, remove it
Item found: <5999, 391493835>, remove it
Item found: <6399, 400357511>, remove it
Item found: <6799, 268071581>, remove it
Item found: <7199, 1432717922>, remove it
Item found: <7599, 1534885183>, remove it
Item found: <7999, 1226224223>, remove it
Item found: <8399, 1753926221>, remove it
Item found: <8799, 1149008229>, remove it
Item found: <9199, 280715257>, remove it
Item found: <9599, 810649555>, remove it
Item found: <9999, 906579610>, remove it
Cannot find the item with a key of 10399, insert it
Cannot find the item with a key of 10799, insert it
Cannot find the item with a key of 11199, insert it
Cannot find the item with a key of 11599, insert it
Cannot find the item with a key of 11999, insert it
Cannot find the item with a key of 12399, insert it
Cannot find the item with a key of 12799, insert it
Cannot find the item with a key of 13199, insert it
Cannot find the item with a key of 13599, insert it
Cannot find the item with a key of 13999, insert it
Cannot find the item with a key of 14399, insert it
  -- [     1290210]:     200030 instrs so far, IPC=   1.659, L1 (acc, miss)=(   48847,   2363), L2 (acc, miss)=(   2422,   2328),   2329 mem accs, (   96,   88) touched pages (this time, 1stly),  avg_dd= 18.182, 
Cannot find the item with a key of 14799, insert it
Cannot find the item with a key of 15199, insert it
Cannot find the item with a key of 15599, insert it
Cannot find the item with a key of 15999, insert it
Cannot find the item with a key of 16399, insert it
Cannot find the item with a key of 16799, insert it
Cannot find the item with a key of 17199, insert it
Cannot find the item with a key of 17599, insert it
Cannot find the item with a key of 17999, insert it
Cannot find the item with a key of 18399, insert it
Cannot find the item with a key of 18799, insert it
Cannot find the item with a key of 19199, insert it
Cannot find the item with a key of 19599, insert it
  -- [     1848790]:     300004 instrs so far, IPC=   1.789, L1 (acc, miss)=(   46090,   1936), L2 (acc, miss)=(   1971,   1898),   1919 mem accs, (   55,   34) touched pages (this time, 1stly),  avg_dd= 18.785, 
Cannot find the item with a key of 19999, insert it
  -- [     4015980]:     400036 instrs so far, IPC=   0.461, L1 (acc, miss)=(   41179,   9341), L2 (acc, miss)=(   9804,   9005),   9006 mem accs, (  151,  135) touched pages (this time, 1stly),  avg_dd= 17.074, 
  -- [     6356550]:     500046 instrs so far, IPC=   0.427, L1 (acc, miss)=(   40659,  10097), L2 (acc, miss)=(  10606,   9459),   9459 mem accs, (  157,  136) touched pages (this time, 1stly),  avg_dd= 16.576, 
  -- [     8699600]:     600007 instrs so far, IPC=   0.426, L1 (acc, miss)=(   40560,  10222), L2 (acc, miss)=(  10729,   9719),   9719 mem accs, (  159,  142) touched pages (this time, 1stly),  avg_dd= 16.891, 
  -- [    11025280]:     700029 instrs so far, IPC=   0.430, L1 (acc, miss)=(   40581,  10334), L2 (acc, miss)=(  10846,   9667),   9667 mem accs, (  155,  140) touched pages (this time, 1stly),  avg_dd= 16.748, 
  -- [    13359720]:     800032 instrs so far, IPC=   0.428, L1 (acc, miss)=(   39883,  10742), L2 (acc, miss)=(  11778,   9755),   9754 mem accs, (  158,  141) touched pages (this time, 1stly),  avg_dd= 17.220, 
  -- [    14430540]: {40523} thread 0 is killed :   -- num_ins : (mem_rd, mem_wr, 2nd_mem_rd, spin, lock, trylock, all)=(     152907,      81376,      413,        0,        0,        0,     648703)
  -- {40523} total number of unsimulated (ins, rd, wr, rd_2nd): (2798338, 593437, 514162, 0)
  -- {40523} (cond_broadcast, cond_signal, cond_wait, barrier) = (0, 0, 0, 0)
  -- [    18937080]:     900042 instrs so far, IPC=   0.179, L1 (acc, miss)=(   32224,  23675), L2 (acc, miss)=(  28053,  21050),  21050 mem accs, (  341,  323) touched pages (this time, 1stly),  avg_dd= 28.755, 
  -- [    27910410]:    1000001 instrs so far, IPC=   0.111, L1 (acc, miss)=(   34329,  32579), L2 (acc, miss)=(  32580,  32580),  32580 mem accs, (  513,  510) touched pages (this time, 1stly),  avg_dd= 36.760, 
  -- [    36836670]:    1100019 instrs so far, IPC=   0.112, L1 (acc, miss)=(   34362,  32610), L2 (acc, miss)=(  32610,  32610),  35223 mem accs, (  580,  510) touched pages (this time, 1stly),  avg_dd= 36.783, 
  -- [    46189550]:    1200049 instrs so far, IPC=   0.106, L1 (acc, miss)=(   34361,  32611), L2 (acc, miss)=(  32610,  32610),  44276 mem accs, (  719,  507) touched pages (this time, 1stly),  avg_dd= 36.511, 
  -- [    55918790]:    1300063 instrs so far, IPC=   0.102, L1 (acc, miss)=(   34349,  32598), L2 (acc, miss)=(  32599,  32599),  44623 mem accs, (  723,  510) touched pages (this time, 1stly),  avg_dd= 36.287, 
  -- [    65529110]:    1400058 instrs so far, IPC=   0.104, L1 (acc, miss)=(   34350,  32597), L2 (acc, miss)=(  32597,  32597),  43462 mem accs, (  684,  510) touched pages (this time, 1stly),  avg_dd= 36.312, 
  -- [    75234030]:    1500060 instrs so far, IPC=   0.103, L1 (acc, miss)=(   34345,  32594), L2 (acc, miss)=(  32594,  32594),  43457 mem accs, (  685,  510) touched pages (this time, 1stly),  avg_dd= 36.138, 
  -- [    84888530]:    1600062 instrs so far, IPC=   0.103, L1 (acc, miss)=(   34349,  32599), L2 (acc, miss)=(  32599,  32599),  43466 mem accs, (  681,  508) touched pages (this time, 1stly),  avg_dd= 36.271, 
  -- [    94500520]:    1700030 instrs so far, IPC=   0.104, L1 (acc, miss)=(   34345,  32596), L2 (acc, miss)=(  32596,  32596),  43461 mem accs, (  683,  509) touched pages (this time, 1stly),  avg_dd= 36.211, 
  -- [   104195040]:    1800034 instrs so far, IPC=   0.103, L1 (acc, miss)=(   34347,  32596), L2 (acc, miss)=(  32596,  32596),  43460 mem accs, (  685,  510) touched pages (this time, 1stly),  avg_dd= 36.181, 
  -- [   113868760]:    1900018 instrs so far, IPC=   0.103, L1 (acc, miss)=(   34348,  32595), L2 (acc, miss)=(  32595,  32595),  43462 mem accs, (  684,  510) touched pages (this time, 1stly),  avg_dd= 36.279, 
  -- [   123466420]:    2000017 instrs so far, IPC=   0.104, L1 (acc, miss)=(   34345,  32592), L2 (acc, miss)=(  32592,  32592),  43459 mem accs, (  686,   15) touched pages (this time, 1stly),  avg_dd= 36.209, 
  -- [   133139940]:    2100030 instrs so far, IPC=   0.103, L1 (acc, miss)=(   34359,  32608), L2 (acc, miss)=(  32608,  32608),  43474 mem accs, (  680,    0) touched pages (this time, 1stly),  avg_dd= 36.136, 
  -- [   142798780]:    2200034 instrs so far, IPC=   0.103, L1 (acc, miss)=(   34346,  32598), L2 (acc, miss)=(  32598,  32598),  43464 mem accs, (  685,    0) touched pages (this time, 1stly),  avg_dd= 36.313, 
  -- [   152410790]:    2300001 instrs so far, IPC=   0.104, L1 (acc, miss)=(   34330,  32580), L2 (acc, miss)=(  32580,  32580),  43441 mem accs, (  685,    0) touched pages (this time, 1stly),  avg_dd= 36.175, 
  -- [   162098790]:    2400011 instrs so far, IPC=   0.103, L1 (acc, miss)=(   34356,  32605), L2 (acc, miss)=(  32605,  32605),  43472 mem accs, (  684,    0) touched pages (this time, 1stly),  avg_dd= 36.172, 
  -- [   171751600]:    2500015 instrs so far, IPC=   0.103, L1 (acc, miss)=(   34351,  32601), L2 (acc, miss)=(  32601,  32601),  43467 mem accs, (  680,    0) touched pages (this time, 1stly),  avg_dd= 36.276, 
  -- [   181400790]:    2600018 instrs so far, IPC=   0.103, L1 (acc, miss)=(   34350,  32599), L2 (acc, miss)=(  32599,  32599),  43465 mem accs, (  686,    0) touched pages (this time, 1stly),  avg_dd= 36.207, 
  -- [   191058220]:    2700005 instrs so far, IPC=   0.103, L1 (acc, miss)=(   34350,  32595), L2 (acc, miss)=(  32595,  32595),  43460 mem accs, (  684,    0) touched pages (this time, 1stly),  avg_dd= 36.215, 
  -- [   200731610]:    2800062 instrs so far, IPC=   0.103, L1 (acc, miss)=(   34364,  32612), L2 (acc, miss)=(  32612,  32612),  43482 mem accs, (  684,    0) touched pages (this time, 1stly),  avg_dd= 36.255, 
  -- [   210383710]:    2900027 instrs so far, IPC=   0.103, L1 (acc, miss)=(   34333,  32583), L2 (acc, miss)=(  32582,  32582),  43444 mem accs, (  682,    0) touched pages (this time, 1stly),  avg_dd= 36.120, 
  -- [   220023030]:    3000022 instrs so far, IPC=   0.103, L1 (acc, miss)=(   34353,  32605), L2 (acc, miss)=(  32606,  32606),  43473 mem accs, (  681,    0) touched pages (this time, 1stly),  avg_dd= 36.241, 
  -- [   229691220]:    3100044 instrs so far, IPC=   0.103, L1 (acc, miss)=(   34359,  32609), L2 (acc, miss)=(  32609,  32609),  43480 mem accs, (  684,    0) touched pages (this time, 1stly),  avg_dd= 36.247, 
  -- [   239353140]:    3200025 instrs so far, IPC=   0.103, L1 (acc, miss)=(   34338,  32586), L2 (acc, miss)=(  32585,  32585),  43447 mem accs, (  685,    0) touched pages (this time, 1stly),  avg_dd= 36.168, 
  -- [   248992740]:    3300017 instrs so far, IPC=   0.103, L1 (acc, miss)=(   34343,  32595), L2 (acc, miss)=(  32595,  32595),  43458 mem accs, (  685,    0) touched pages (this time, 1stly),  avg_dd= 36.241, 
  -- [   258629430]:    3400022 instrs so far, IPC=   0.103, L1 (acc, miss)=(   34356,  32604), L2 (acc, miss)=(  32605,  32605),  43472 mem accs, (  680,    0) touched pages (this time, 1stly),  avg_dd= 36.299, 
  -- [   268302940]:    3500053 instrs so far, IPC=   0.103, L1 (acc, miss)=(   34352,  32603), L2 (acc, miss)=(  32602,  32602),  43470 mem accs, (  683,    0) touched pages (this time, 1stly),  avg_dd= 36.090, 
  -- [   277943280]:    3600056 instrs so far, IPC=   0.103, L1 (acc, miss)=(   34354,  32602), L2 (acc, miss)=(  32603,  32603),  43472 mem accs, (  684,    0) touched pages (this time, 1stly),  avg_dd= 36.219, 
  -- [   287578550]:    3700007 instrs so far, IPC=   0.103, L1 (acc, miss)=(   34332,  32584), L2 (acc, miss)=(  32584,  32584),  43445 mem accs, (  685,    0) touched pages (this time, 1stly),  avg_dd= 36.169, 
  -- [   297228040]:    3800024 instrs so far, IPC=   0.103, L1 (acc, miss)=(   34348,  32598), L2 (acc, miss)=(  32597,  32597),  43462 mem accs, (  684,    0) touched pages (this time, 1stly),  avg_dd= 36.141, 
  -- [   306882330]:    3900038 instrs so far, IPC=   0.103, L1 (acc, miss)=(   34365,  32613), L2 (acc, miss)=(  32614,  32614),  43487 mem accs, (  680,    0) touched pages (this time, 1stly),  avg_dd= 36.183, 
  -- [   316551520]:    4000059 instrs so far, IPC=   0.103, L1 (acc, miss)=(   34346,  32597), L2 (acc, miss)=(  32597,  32597),  43459 mem accs, (  684,    0) touched pages (this time, 1stly),  avg_dd= 36.265, 
  -- [   326191740]:    4100001 instrs so far, IPC=   0.103, L1 (acc, miss)=(   34331,  32582), L2 (acc, miss)=(  32582,  32582),  43443 mem accs, (  685,    0) touched pages (this time, 1stly),  avg_dd= 36.207, 
  -- [   335863950]:    4200048 instrs so far, IPC=   0.103, L1 (acc, miss)=(   34368,  32611), L2 (acc, miss)=(  32611,  32611),  43482 mem accs, (  684,    0) touched pages (this time, 1stly),  avg_dd= 36.179, 
  -- [   345518490]:    4300041 instrs so far, IPC=   0.103, L1 (acc, miss)=(   34346,  32594), L2 (acc, miss)=(  32593,  32593),  43458 mem accs, (  681,    0) touched pages (this time, 1stly),  avg_dd= 36.262, 
  -- [   355188710]:    4400024 instrs so far, IPC=   0.103, L1 (acc, miss)=(   34345,  32594), L2 (acc, miss)=(  32595,  32595),  43457 mem accs, (  684,    0) touched pages (this time, 1stly),  avg_dd= 36.200, 
  -- [   364811370]:    4500010 instrs so far, IPC=   0.103, L1 (acc, miss)=(   34342,  32593), L2 (acc, miss)=(  32593,  32593),  43457 mem accs, (  685,    0) touched pages (this time, 1stly),  avg_dd= 36.198, 
  -- [   374472400]:    4600023 instrs so far, IPC=   0.103, L1 (acc, miss)=(   34349,  32598), L2 (acc, miss)=(  32596,  32596),  43464 mem accs, (  684,    0) touched pages (this time, 1stly),  avg_dd= 36.233, 
  -- [   384125070]:    4700041 instrs so far, IPC=   0.103, L1 (acc, miss)=(   34352,  32602), L2 (acc, miss)=(  32602,  32602),  43469 mem accs, (  684,    0) touched pages (this time, 1stly),  avg_dd= 36.145, 
  -- [   393766080]:    4800054 instrs so far, IPC=   0.103, L1 (acc, miss)=(   34368,  32618), L2 (acc, miss)=(  32620,  32620),  43494 mem accs, (  681,    0) touched pages (this time, 1stly),  avg_dd= 36.266, 
  -- [   403455340]:    4900039 instrs so far, IPC=   0.103, L1 (acc, miss)=(   34338,  32585), L2 (acc, miss)=(  32585,  32585),  43444 mem accs, (  684,    0) touched pages (this time, 1stly),  avg_dd= 36.174, 
  -- [   413089410]:    5000026 instrs so far, IPC=   0.103, L1 (acc, miss)=(   34346,  32592), L2 (acc, miss)=(  32592,  32592),  43456 mem accs, (  684,    0) touched pages (this time, 1stly),  avg_dd= 36.253, 
  -- [   422743680]:    5100040 instrs so far, IPC=   0.103, L1 (acc, miss)=(   34352,  32601), L2 (acc, miss)=(  32601,  32601),  43469 mem accs, (  684,    0) touched pages (this time, 1stly),  avg_dd= 36.225, 
  -- [   432409920]:    5200048 instrs so far, IPC=   0.103, L1 (acc, miss)=(   34355,  32606), L2 (acc, miss)=(  32606,  32606),  43476 mem accs, (  684,    0) touched pages (this time, 1stly),  avg_dd= 36.020, 
  -- [   442032760]:    5300007 instrs so far, IPC=   0.103, L1 (acc, miss)=(   34332,  32583), L2 (acc, miss)=(  32583,  32583),  43441 mem accs, (  680,    0) touched pages (this time, 1stly),  avg_dd= 36.276, 
  -- [   451669170]:    5400020 instrs so far, IPC=   0.103, L1 (acc, miss)=(   34353,  32602), L2 (acc, miss)=(  32602,  32602),  43468 mem accs, (  684,    0) touched pages (this time, 1stly),  avg_dd= 36.213, 
  -- [   461379410]:    5500042 instrs so far, IPC=   0.103, L1 (acc, miss)=(   34358,  32607), L2 (acc, miss)=(  32607,  32607),  43479 mem accs, (  684,    0) touched pages (this time, 1stly),  avg_dd= 36.106, 
stream done 1
  -- [   463546580]: {49002} thread 0 is killed :   -- num_ins : (mem_rd, mem_wr, 2nd_mem_rd, spin, lock, trylock, all)=(    1060098,     531325,      413,        0,        2,        0,    4875252)
  -- {49002} total number of unsimulated (ins, rd, wr, rd_2nd): (12622, 2810, 2555, 0)
  -- {49002} (cond_broadcast, cond_signal, cond_wait, barrier) = (0, 0, 0, 1)
  -- event became empty at cycle = 463557850
  -- OOO [  0] : fetched     648703 instrs, branch (miss, access)=(     1423,     193235)=   0.74%, nacks= 40198, x87_ops= 0, call_ops= 12075, latest_ip= 0x456780, tot_mem_wr_time= 83360780, tot_mem_rd_time= 155332420, tot_dep_dist= 8262933
  -- OOO [  1] : fetched    4875258 instrs, branch (miss, access)=(      862,     560789)=   0.15%, nacks= 3058, x87_ops= 0, call_ops= 1225, latest_ip= 0x1000000001000, tot_mem_wr_time= 3131198110, tot_mem_rd_time= 2955439380, tot_dep_dist= 175661641
  -- L2$ [  0] : RD (miss, access)=(    1090850,    1099379)=  99.22%
  -- L2$ [  0] : WR (miss, access)=(     529594,     535327)=  98.93%
  -- L2$ [  0] : (ev_coherency, ev_capacity, coherency_access, up_req, bypass, nack)=(          0,    1450446,          0,       2006,      38945,      38945)
  -- L2$ [  0] : EV_from_L1 (miss, access)=(         87,    1580896)= 0.01%,  L2$ (i,e,s,m,tr) ratio=(   0,  682,    0,  317,    0), num_dirty_lines (pid:#) = 1 : 41618 , 
  -- Dir [  0] : (i->tr, e->tr, s->tr, m->tr, m->i, tr->i, tr->e, tr->s, tr->m) = (395466, 474, 0, 0, 121354, 1, 264207, 0, 131732)
  -- Dir [  0] : (nack, bypass, evict, invalidate, from_mc, dir_acc, dir_$_miss, dir_$_retry, dir_$_evict) = (11561, 0, 362631, 0, 395466, 1166072, 0, 0, 0), 395466, 0, 0, 0, 
  -- Dir [  1] : (i->tr, e->tr, s->tr, m->tr, m->i, tr->i, tr->e, tr->s, tr->m) = (395298, 463, 0, 0, 121259, 0, 264132, 0, 131629)
  -- Dir [  1] : (nack, bypass, evict, invalidate, from_mc, dir_acc, dir_$_miss, dir_$_retry, dir_$_evict) = (8889, 0, 362526, 0, 395298, 1162937, 0, 0, 0), 395298, 0, 0, 0, 
  -- Dir [  2] : (i->tr, e->tr, s->tr, m->tr, m->i, tr->i, tr->e, tr->s, tr->m) = (395419, 530, 0, 0, 121235, 1, 264280, 0, 131668)
  -- Dir [  2] : (nack, bypass, evict, invalidate, from_mc, dir_acc, dir_$_miss, dir_$_retry, dir_$_evict) = (9841, 0, 362716, 0, 395419, 1164455, 0, 0, 0), 395419, 0, 0, 0, 
  -- Dir [  3] : (i->tr, e->tr, s->tr, m->tr, m->i, tr->i, tr->e, tr->s, tr->m) = (395338, 517, 0, 0, 121229, 1, 264188, 0, 131666)
  -- Dir [  3] : (nack, bypass, evict, invalidate, from_mc, dir_acc, dir_$_miss, dir_$_retry, dir_$_evict) = (8654, 0, 362573, 0, 395338, 1162937, 0, 0, 0), 395338, 0, 0, 0, 
  -- MC  [  0] : (rd, wr, act, pre) = (   395466,    121354,    169403,    169403), # of WR->RD switch = 75362, #_refresh = 0, 1607 pages acc, AB (rd, wr, act) = (        2,         0,         2)
  -- MC  [  1] : (rd, wr, act, pre) = (   395298,    121259,    181213,    181213), # of WR->RD switch = 76928, #_refresh = 0, 1610 pages acc, AB (rd, wr, act) = (        0,         0,         0)
  -- MC  [  2] : (rd, wr, act, pre) = (   395419,    121235,    176635,    176635), # of WR->RD switch = 78188, #_refresh = 0, 1609 pages acc, AB (rd, wr, act) = (        0,         0,         0)
  -- MC  [  3] : (rd, wr, act, pre) = (   395338,    121229,    181391,    181391), # of WR->RD switch = 80217, #_refresh = 0, 1603 pages acc, AB (rd, wr, act) = (        0,         0,         0)
  -- NoC [  0] : (req, crq, rep) = (1214949, 311, 8503090), num_data_transfers = 1549781
  -- L1$I[  0] : RD (miss, access)=(        869,      49884)=   1.74%
  -- L1$I[  0] : (ev_coherency, coherency_access, bypass)=(        255,        255,        288)
  -- L1$I[  1] : RD (miss, access)=(        861,      89124)=   0.97%
  -- L1$I[  1] : (ev_coherency, coherency_access, bypass)=(        276,        276,        294)
  -- L1$D[  0] : RD (miss, access)=(      48540,     188736)=  25.72%
  -- L1$D[  0] : WR (miss, access)=(       4807,      85870)=   5.60%
  -- L1$D[  0] : (ev_coherency, ev_capacity, coherency_access, up_req, bypass, nack)=(         99,       7332,         99,       3240,      39910,      39910), num_dirty_lines (pid:#) = 
  -- L1$D[  1] : RD (miss, access)=(    1049109,    1060857)=  98.89%
  -- L1$D[  1] : WR (miss, access)=(     527250,     533743)=  98.78%
  -- L1$D[  1] : (ev_coherency, ev_capacity, coherency_access, up_req, bypass, nack)=(          0,    1572973,          0,         30,       2764,       2764), num_dirty_lines (pid:#) = 1 : 117 , 
  -- total number of fetched instructions : 5523961 (IPC =   0.119)
